Asetofrandomvariablesispairwiseindepe
sdassfa
a
sda
sfas
f'sdfsd
gasd
g\dsfgh'sdfh\'s\'\'g\'d\
g'ad
\gf'a
d\g'
s\d'fg
s\'df'f;23r\'w\f'\s'f\s'ds'd
asd
fadf
a
sf
ads
f
ads
f
a;slfdsa\g
adf
ga
g
a
dha
df;
gadsf
a'd
f]ads;
f]'as
]dg'
]'3
]'2
]'
]sd'f
]'f
]s'df
]sd'g
]sd'
f]'s
[LDAG[DLFLDA
SFD
S
DF;S
DG;A
SDG;A[\DFH\[;
;
GA]SD;G
A;
GADS];G
]A;
]A;
G;
]A;;
DS
;
;
[;
;
[SF;
[SD;
[;S
[F;
[SF;
[;S
[F;
[f
ndentifandonlyifeverypairofrandomvariablesisindependent.Evenifthesetofrandomvariablesispairwiseindependent,itisnotnecessarilymutuallyindependentasasdasdalsd;oakas/d/a.s/sdefinednext.
Asetofrandomvariablesismutuallyasdasdasdasndependentifasdasdwdandonlyifforanyfinitesubset
